{"level":"error","message":"\"full_name\" is required","service":"user-service"}
{"level":"error","message":"\"full_name\" is required","service":"user-service"}
{"level":"error","message":"\"password\" is required","service":"user-service"}
{"level":"error","message":"\"password\" length must be at least 8 characters long","service":"user-service"}
{"level":"error","message":"\"email\" is required","service":"user-service"}
{"level":"error","message":"\"email\" length must be at least 8 characters long","service":"user-service"}
{"level":"error","message":"\"full_name\" is required","service":"user-service"}
{"level":"error","message":"\"full_name\" length must be at least 2 characters long","service":"user-service"}
{"level":"error","message":"\"password\" is required","service":"user-service"}
{"level":"error","message":"\"password\" length must be at least 8 characters long","service":"user-service"}
{"level":"error","message":"\"email\" is required","service":"user-service"}
{"level":"error","message":"\"email\" length must be at least 8 characters long","service":"user-service"}
{"level":"error","message":"\"full_name\" is not allowed","service":"user-service"}
{"level":"error","message":"\"password\" is required","service":"user-service"}
{"level":"error","message":"\"full_name\" is required","service":"user-service"}
{"level":"error","message":"\"full_name\" length must be at least 2 characters long","service":"user-service"}
{"level":"error","message":"\"password\" is required","service":"user-service"}
{"level":"error","message":"\"password\" is required","service":"user-service"}
{"level":"error","message":"\"password\" length must be at least 8 characters long","service":"user-service"}
{"level":"error","message":"\"password\" length must be at least 8 characters long","service":"user-service"}
{"level":"error","message":"\"email\" is required","service":"user-service"}
{"level":"error","message":"\"full_name\" is not allowed","service":"user-service"}
{"level":"error","message":"\"username\" is required","service":"user-service"}
{"level":"error","message":"\"full_name\" is required","service":"user-service"}
{"level":"error","message":"\"full_name\" is not allowed","service":"user-service"}
{"level":"error","message":"\"username\" is not allowed","service":"user-service"}
{"level":"error","message":"\"username\" is required","service":"user-service"}
{"level":"error","message":"\"full_name\" is required","service":"user-service"}
